<?xml version="1.0" encoding="UTF-8"?>
<!-- Generated by org.testng.reporters.JUnitReportReporter -->
<testsuite hostname="DESKTOP-VD0E2CP" failures="0" tests="1" name="testcases.TestCasesForHomePage" time="53.078" errors="0" timestamp="2024-05-09T12:22:34 IST" skipped="0">
  <testcase classname="testcases.TestCasesForHomePage" name="testcase1" time="53.078"/>
  <system-out/>
</testsuite> <!-- testcases.TestCasesForHomePage -->
