<?xml version="1.0" encoding="UTF-8"?>
<!-- Generated by org.testng.reporters.JUnitReportReporter -->
<testsuite hostname="DESKTOP-VD0E2CP" failures="0" tests="1" name="testcases.HomePage" time="43.723" errors="0" timestamp="2024-04-30T11:42:42 IST" skipped="0">
  <testcase classname="testcases.HomePage" name="testcase1" time="43.723"/>
  <system-out/>
</testsuite> <!-- testcases.HomePage -->
