<?xml version="1.0" encoding="UTF-8"?>
<!-- Generated by org.testng.reporters.JUnitReportReporter -->
<testsuite hostname="DESKTOP-VD0E2CP" failures="0" tests="1" name="testcases.WomenCategory" time="12.582" errors="0" timestamp="2024-04-19T18:58:53 IST" skipped="0">
  <testcase classname="testcases.WomenCategory" name="testcase1" time="12.582"/>
  <system-out/>
</testsuite> <!-- testcases.WomenCategory -->
