<?xml version="1.0" encoding="UTF-8"?>
<!-- Generated by org.testng.reporters.JUnitReportReporter -->
<testsuite hostname="DESKTOP-VD0E2CP" failures="0" tests="7" name="testcases.SignIn" time="53.483" errors="0" timestamp="2024-04-30T11:42:42 IST" skipped="0">
  <testcase classname="testcases.SignIn" name="testcase2" time="5.132"/>
  <system-out/>
  <testcase classname="testcases.SignIn" name="testcase6" time="2.646"/>
  <system-out/>
  <testcase classname="testcases.SignIn" name="testcase1" time="14.123"/>
  <system-out/>
  <testcase classname="testcases.SignIn" name="testcase3" time="9.457"/>
  <system-out/>
  <testcase classname="testcases.SignIn" name="testcase5" time="6.036"/>
  <system-out/>
  <testcase classname="testcases.SignIn" name="testcase4" time="8.061"/>
  <system-out/>
  <testcase classname="testcases.SignIn" name="testcase7" time="8.028"/>
  <system-out/>
</testsuite> <!-- testcases.SignIn -->
