<?xml version="1.0" encoding="UTF-8"?>
<!-- Generated by org.testng.reporters.JUnitReportReporter -->
<testsuite hostname="DESKTOP-VD0E2CP" failures="0" tests="3" name="testcases.NavigationBar" time="121.913" errors="0" timestamp="2024-04-30T11:42:42 IST" skipped="0">
  <testcase classname="testcases.NavigationBar" name="testcase3" time="62.334"/>
  <system-out/>
  <testcase classname="testcases.NavigationBar" name="testcase1" time="28.450"/>
  <system-out/>
  <testcase classname="testcases.NavigationBar" name="testcase2" time="31.129"/>
  <system-out/>
</testsuite> <!-- testcases.NavigationBar -->
