<?xml version="1.0" encoding="UTF-8"?>
<!-- Generated by org.testng.reporters.JUnitReportReporter -->
<testsuite hostname="DESKTOP-VD0E2CP" failures="0" tests="1" name="testcases.CreateanAccount" time="7.540" errors="0" timestamp="2024-04-30T11:42:42 IST" skipped="0">
  <testcase classname="testcases.CreateanAccount" name="testCase1" time="7.540"/>
  <system-out/>
</testsuite> <!-- testcases.CreateanAccount -->
