<?xml version="1.0" encoding="UTF-8"?>
<!-- Generated by org.testng.reporters.JUnitReportReporter -->
<testsuite hostname="DESKTOP-VD0E2CP" failures="0" tests="5" name="testcases.ShoppingCart" time="69.259" errors="0" timestamp="2024-04-30T11:42:42 IST" skipped="0">
  <testcase classname="testcases.ShoppingCart" name="testcase4" time="15.439"/>
  <system-out/>
  <testcase classname="testcases.ShoppingCart" name="testcase5" time="6.344"/>
  <system-out/>
  <testcase classname="testcases.ShoppingCart" name="testcase1" time="10.899"/>
  <system-out/>
  <testcase classname="testcases.ShoppingCart" name="testcase2" time="11.652"/>
  <system-out/>
  <testcase classname="testcases.ShoppingCart" name="testcase3" time="24.925"/>
  <system-out/>
</testsuite> <!-- testcases.ShoppingCart -->
