<?xml version="1.0" encoding="UTF-8"?>
<!-- Generated by org.testng.reporters.JUnitReportReporter -->
<testsuite hostname="DESKTOP-VD0E2CP" failures="0" tests="2" name="testcases.TestCasesForProceedToCheckout" time="32.257" errors="0" timestamp="2024-05-09T12:22:34 IST" skipped="0">
  <testcase classname="testcases.TestCasesForProceedToCheckout" name="testcase1" time="20.875"/>
  <system-out/>
  <testcase classname="testcases.TestCasesForProceedToCheckout" name="testcase2" time="11.382"/>
  <system-out/>
</testsuite> <!-- testcases.TestCasesForProceedToCheckout -->
