<?xml version="1.0" encoding="UTF-8"?>
<!-- Generated by org.testng.reporters.JUnitReportReporter -->
<testsuite hostname="DESKTOP-VD0E2CP" failures="0" tests="3" name="testcases.TestCasesForSearchBar" time="9.308" errors="0" timestamp="2024-05-09T12:22:34 IST" skipped="0">
  <testcase classname="testcases.TestCasesForSearchBar" name="testcase2" time="7.103"/>
  <system-out/>
  <testcase classname="testcases.TestCasesForSearchBar" name="testcase1" time="0.064"/>
  <system-out/>
  <testcase classname="testcases.TestCasesForSearchBar" name="testcase3" time="2.141"/>
  <system-out/>
</testsuite> <!-- testcases.TestCasesForSearchBar -->
