<?xml version="1.0" encoding="UTF-8"?>
<!-- Generated by org.testng.reporters.JUnitReportReporter -->
<testsuite hostname="DESKTOP-VD0E2CP" failures="0" tests="1" name="testcases.TestCasesForCreateanAccount" time="7.093" errors="0" timestamp="2024-05-09T12:22:34 IST" skipped="0">
  <testcase classname="testcases.TestCasesForCreateanAccount" name="testcase1" time="7.093"/>
  <system-out/>
</testsuite> <!-- testcases.TestCasesForCreateanAccount -->
