<?xml version="1.0" encoding="UTF-8"?>
<!-- Generated by org.testng.reporters.JUnitReportReporter -->
<testsuite hostname="DESKTOP-VD0E2CP" failures="0" tests="7" name="testcases.TestCasesForSignIn" time="49.351" errors="0" timestamp="2024-05-09T12:22:34 IST" skipped="0">
  <testcase classname="testcases.TestCasesForSignIn" name="testcase1" time="9.782"/>
  <system-out/>
  <testcase classname="testcases.TestCasesForSignIn" name="testcase7" time="8.577"/>
  <system-out/>
  <testcase classname="testcases.TestCasesForSignIn" name="testcase4" time="8.663"/>
  <system-out/>
  <testcase classname="testcases.TestCasesForSignIn" name="testcase3" time="7.525"/>
  <system-out/>
  <testcase classname="testcases.TestCasesForSignIn" name="testcase6" time="2.577"/>
  <system-out/>
  <testcase classname="testcases.TestCasesForSignIn" name="testcase2" time="7.047"/>
  <system-out/>
  <testcase classname="testcases.TestCasesForSignIn" name="testcase5" time="5.180"/>
  <system-out/>
</testsuite> <!-- testcases.TestCasesForSignIn -->
