<?xml version="1.0" encoding="UTF-8"?>
<!-- Generated by org.testng.reporters.JUnitReportReporter -->
<testsuite hostname="DESKTOP-VD0E2CP" failures="0" tests="5" name="testcases.TestCasesForShoppingCart" time="75.807" errors="0" timestamp="2024-05-09T12:22:34 IST" skipped="0">
  <testcase classname="testcases.TestCasesForShoppingCart" name="testcase1" time="10.104"/>
  <system-out/>
  <testcase classname="testcases.TestCasesForShoppingCart" name="testcase3" time="29.101"/>
  <system-out/>
  <testcase classname="testcases.TestCasesForShoppingCart" name="testcase2" time="11.956"/>
  <system-out/>
  <testcase classname="testcases.TestCasesForShoppingCart" name="testcase4" time="18.134"/>
  <system-out/>
  <testcase classname="testcases.TestCasesForShoppingCart" name="testcase5" time="6.512"/>
  <system-out/>
</testsuite> <!-- testcases.TestCasesForShoppingCart -->
