<?xml version="1.0" encoding="UTF-8"?>
<!-- Generated by org.testng.reporters.JUnitReportReporter -->
<testsuite hostname="DESKTOP-VD0E2CP" failures="0" tests="3" name="testcases.SearchBar" time="7.178" errors="0" timestamp="2024-04-30T11:42:42 IST" skipped="0">
  <testcase classname="testcases.SearchBar" name="testcase3" time="2.138"/>
  <system-out/>
  <testcase classname="testcases.SearchBar" name="testcase2" time="4.983"/>
  <system-out/>
  <testcase classname="testcases.SearchBar" name="testcase1" time="0.057"/>
  <system-out/>
</testsuite> <!-- testcases.SearchBar -->
