<?xml version="1.0" encoding="UTF-8"?>
<!-- Generated by org.testng.reporters.JUnitReportReporter -->
<testsuite hostname="DESKTOP-VD0E2CP" failures="0" tests="1" name="testcases.HomePage" time="64.605" errors="0" timestamp="2024-05-08T13:47:06 IST" skipped="0">
  <testcase classname="testcases.HomePage" name="testcase1" time="64.605"/>
  <system-out/>
</testsuite> <!-- testcases.HomePage -->
