<?xml version="1.0" encoding="UTF-8"?>
<!-- Generated by org.testng.reporters.JUnitReportReporter -->
<testsuite hostname="DESKTOP-VD0E2CP" failures="0" tests="2" name="testcases.ProceedToCheckout" time="36.577" errors="0" timestamp="2024-04-30T11:42:42 IST" skipped="0">
  <testcase classname="testcases.ProceedToCheckout" name="testcase2" time="16.531"/>
  <system-out/>
  <testcase classname="testcases.ProceedToCheckout" name="testcase1" time="20.046"/>
  <system-out/>
</testsuite> <!-- testcases.ProceedToCheckout -->
