<?xml version="1.0" encoding="UTF-8"?>
<!-- Generated by org.testng.reporters.JUnitReportReporter -->
<testsuite hostname="DESKTOP-VD0E2CP" failures="0" tests="5" name="testcases.TestCasesForProduct" time="42.753" errors="0" timestamp="2024-05-09T12:22:34 IST" skipped="0">
  <testcase classname="testcases.TestCasesForProduct" name="testcase1" time="5.210"/>
  <system-out/>
  <testcase classname="testcases.TestCasesForProduct" name="testcase2" time="13.376"/>
  <system-out/>
  <testcase classname="testcases.TestCasesForProduct" name="testcase3" time="20.785"/>
  <system-out/>
  <testcase classname="testcases.TestCasesForProduct" name="testcase4" time="0.272"/>
  <system-out/>
  <testcase classname="testcases.TestCasesForProduct" name="testcase5" time="3.110"/>
  <system-out/>
</testsuite> <!-- testcases.TestCasesForProduct -->
