<?xml version="1.0" encoding="UTF-8"?>
<!-- Generated by org.testng.reporters.JUnitReportReporter -->
<testsuite hostname="DESKTOP-VD0E2CP" failures="0" tests="5" name="testcases.Product" time="37.595" errors="0" timestamp="2024-04-30T11:42:42 IST" skipped="0">
  <testcase classname="testcases.Product" name="testcase2" time="12.350"/>
  <system-out/>
  <testcase classname="testcases.Product" name="testcase1" time="5.938"/>
  <system-out/>
  <testcase classname="testcases.Product" name="testcase3" time="16.515"/>
  <system-out/>
  <testcase classname="testcases.Product" name="testcase4" time="0.201"/>
  <system-out/>
  <testcase classname="testcases.Product" name="testcase5" time="2.591"/>
  <system-out/>
</testsuite> <!-- testcases.Product -->
